2025-06-08 01:53:05,154 - INFO - Executing: load_applicants
2025-06-08 01:53:39,108 - INFO - Executing: load_applicants
2025-06-08 02:08:24,298 - INFO - Executing: load_applicants
2025-06-08 02:09:48,645 - INFO - Executing: load_applicants
2025-06-08 02:10:03,367 - INFO - Executing: delete_applicant
2025-06-08 02:10:03,368 - INFO - Executing: save_applicants
2025-06-08 02:18:41,549 - INFO - Executing: filter_by_role
2025-06-08 02:25:48,591 - INFO - Executing: load_applicants
2025-06-08 02:26:24,154 - INFO - Executing: filter_by_role
2025-06-08 02:30:36,870 - INFO - Executing: load_applicants
2025-06-08 02:31:04,045 - INFO - Executing: filter_by_status
2025-06-08 02:35:32,688 - INFO - Executing: load_applicants
2025-06-08 02:35:43,488 - INFO - Executing: delete_applicant
2025-06-08 02:35:43,489 - INFO - Executing: save_applicants
2025-06-08 02:36:21,447 - INFO - Executing: filter_by_role
2025-06-08 02:36:37,681 - INFO - Executing: filter_by_status
2025-06-08 02:45:28,576 - INFO - Executing: load_applicants
2025-06-08 02:45:36,165 - INFO - Executing: delete_applicant
2025-06-08 02:45:36,165 - INFO - Executing: save_applicants
2025-06-08 02:45:54,691 - INFO - Executing: filter_by_role
2025-06-08 02:46:16,439 - INFO - Executing: filter_by_status
